2 175 174
3 132 191 244
3 192 130 31
3 140 2 246
3 152 247 271
3 189 165 81
3 133 151 10
4 281 231 117 226
4 161 234 4 102
4 228 15 131 298
4 296 63 1 49
4 209 104 245 264
4 206 205 257 88
4 256 18 84 138
4 193 43 157 258
3 290 143 54
3 93 255 22
3 13 253 150
3 95 87 221
3 278 72 145
3 35 164 106
3 149 176 187
3 224 126 268
3 266 241 119
3 123 198 243
3 127 16 99
3 61 240 223
3 113 29 254
3 201 279 178
3 14 249 292
3 3 100 90
3 30 70 94
3 250 180 293
3 170 8 202
2 196 155
3 252 111 199
3 177 34 56
2 45 124
2 59 89
3 7 153 69
3 136 6 270
3 215 235 12
3 0 225 267
3 75 287 220
2 248 260
3 58 85 280
3 27 168 134
3 105 289 212
3 82 237 147
3 273 229 37
3 24 286 142
3 186 51 216
3 121 261 112
3 108 194 28
3 139 76 57
2 182 65
3 214 197 25
3 233 33 125
3 109 203 251
3 283 295 74
3 44 128 52
3 173 92 53
3 107 96 236
3 67 263 23
3 146 291 188
3 115 158 36
3 242 208 211
3 294 162 77
3 60 79 46
3 163 259 110
3 238 80 114
3 227 137 9
3 68 213 200
3 148 219 195
3 78 204 144
3 171 160 285
3 21 71 185
3 101 47 274
2 62 20
3 66 207 275
3 55 284 11
3 230 103 135
3 98 83 32
3 172 183 17
3 218 262 269
3 167 299 297
3 265 19 38
3 272 97 276
3 122 120 41
3 156 184 48
3 91 159 232
2 26 64
3 5 50 179
3 154 190 166
3 210 40 181
3 222 118 141
3 39 86 169
3 129 217 282
3 277 73 42
3 288 239 116