2 2007 4836
2 6834 5250
2 2134 2805
2 1545 7483
2 7937 7579
2 4127 6333
2 1367 9925
2 6467 5777
2 8718 2003
3 8606 4808 5394
3 9503 8216 7346
3 7182 2638 2579
3 5763 6494 8758
3 613 5821 5662
3 3163 5953 5063
3 6514 8975 5480
3 1586 6545 6745
3 3749 6933 5785
3 4735 8494 364
3 3330 939 9469
3 2289 8034 9824
3 1975 2117 149
3 6621 4218 1146
3 6365 9686 5968
3 7146 907 8877
3 204 4488 1135
3 9540 4949 1706
4 6363 3347 7706 8702
4 5437 8500 8054 6912
4 3134 6788 7945 3018
4 4996 2542 3252 3774
4 9100 2194 4857 2346
4 3491 6630 8143 7621
4 5260 4165 2169 2216
4 9097 3239 8007 9846
4 7293 5697 4688 8266
4 447 9106 1709 8343
4 4460 3120 4579 2670
4 19 962 1265 1426
4 1155 427 2811 835
4 7345 6523 7986 5650
4 1823 7922 2689 8998
4 6 2181 2022 8808
4 8251 3504 4789 5991
4 7460 2030 5808 8078
4 8087 8548 5862 5325
5 4898 2090 1674 3634 2527
5 7329 731 59 7440 4763
5 7003 4987 294 9612 2338
5 2881 1453 9828 9906 464
4 2605 6578 3737 7307
5 7476 6193 1806 8197 1000
5 2591 4476 4693 3170 1803
5 3887 9962 6599 3626 4195
5 4184 2286 1221 7664 8430
5 8667 2778 3402 2601 7351
5 723 2061 2544 5948 9374
5 5997 4745 2749 4594 7061
5 1374 6069 1893 4612 4644
5 8625 30 1003 6550 9699
5 8565 742 5976 7036 1614
5 1188 2768 1343 6177 5559
5 7387 4514 6557 1809 2866
5 8868 3483 5404 7713 252
5 1691 5961 392 1825 306
5 5604 2948 6941 2431 2244
5 4220 2708 2557 7100 3891
5 7253 5748 5209 753 9483
5 8124 3670 2225 6425 1391
5 8402 211 5159 4895 2774
5 3173 4660 4019 3870 4052
5 654 4119 7719 5911 4329
4 3548 3433 6907 3708
5 9689 6079 2508 9446 6461
5 3091 4712 5471 2226 5405
5 6470 4245 7404 4111 7170
5 7431 9627 7704 7439 9803
5 7133 7320 534 7179 4357
5 2316 3607 1897 1439 251
5 6353 2698 2997 2378 9515
5 5908 6917 5141 4564 4840
4 4624 685 6430 7097
4 5758 3719 7316 3097
5 6207 6349 3281 5729 141
5 8672 8374 8676 9677 4386
6 2693 3126 1451 8120 7472 8971
6 8070 7341 1690 6234 1429 7952
6 2491 7524 620 3109 3657 1906
6 3864 9600 8903 9505 8238 310
6 8991 8170 1331 2276 4989 6990
6 8732 3555 4566 680 1064 7464
5 9764 7449 5792 4529 8605
6 1773 7241 1099 6840 592 7561
6 4087 5757 4968 7939 9209 4604
5 9751 2283 1525 327 5059
6 5625 4901 2243 169 4277 789
6 129 8228 4031 948 8934 2053
6 9451 7194 7413 8485 8742 3014
5 3705 3809 4046 7278 5802
5 619 8643 8969 6960 2486
6 5452 921 3929 1112 5034 9558
6 2499 3389 1559 6504 279 4696
6 3828 840 221 1189 3122 4112
5 5950 7259 626 170 4790
6 2382 3327 6225 5178 8061 2961
6 9447 3660 5308 9086 9430 4295
5 4942 1653 6153 7149 515
6 6181 9437 8352 8369 8472 174
6 3061 6646 7148 8445 9258 5513
6 2272 8417 8164 5408 6129 8284
5 3090 9329 38 3047 715
6 8745 6078 6645 25 707 311
5 3982 795 9355 7665 4365
6 3940 509 923 7153 6174 5254
6 3487 5590 2130 7417 6864 7104
6 8156 9674 1517 4978 5967 926
6 9979 1846 3467 2669 5934 3990
6 7228 8838 9314 5546 9134 7043
6 1041 863 3552 7466 9301 9377
6 7285 8291 2848 824 7486 7386
6 54 8003 5989 3447 6583 884
6 1216 7496 645 9177 2163 3647
6 3213 4447 2049 7820 6638 8179
5 2018 2891 1990 6453 5295
6 9780 8106 785 3662 2575 1358
6 4673 3059 6559 4499 7024 8661
5 4189 1576 2777 5272 9151
6 5136 3608 7926 1851 2202 9532
6 3868 5658 950 5858 9130 1977
7 262 9670 7992 808 1088 34 773
5 7882 5755 7402 5244 2686
7 7314 3365 4138 5284 3242 9415 6686
7 6462 8041 2933 5984 6595 8906 1341
7 881 3831 4883 3469 8684 3899 5134
7 5156 5511 6979 2748 818 9136 5332
7 4924 2699 8027 8861 2237 2074 3027
7 8721 5995 5769 8963 6789 2308 7850
7 3265 6807 6304 9825 6262 2131 360
7 3625 8005 2726 5036 3497 8878 6793
6 2122 5358 3648 4040 8342 0
7 2918 3247 5434 3817 5491 4118 1421
7 2959 4181 389 8821 7167 4356 1878
6 5424 9318 7011 7931 3434 8492
7 6689 5393 293 8710 3846 650 6534
7 6102 7897 3388 3430 2201 5311 3580
7 2242 2142 4777 4853 9344 2240 2384
7 8244 5988 4885 4041 7749 193 2634
6 1286 5436 195 9645 2302 3001
6 8762 3229 184 3956 5132 5653
6 6012 7020 5688 796 9735 3088
7 4163 1178 4965 7420 7546 6569 8071
7 7798 3384 7256 9041 6441 2877 6075
7 1908 417 5474 4880 6601 2402 257
7 1057 4611 6546 1792 2980 1995 2212
7 8016 7071 9126 2123 2265 589 1319
7 3310 9244 2868 7603 3346 5289 1445
6 3337 9487 7127 8564 6636 5441
7 9814 1158 2295 4791 1207 836 5669
7 825 2077 8025 8504 8727 2480 959
6 9220 4309 9454 1953 4161 254
5 5490 1776 984 4538 3185
6 4810 1722 166 7111 6500 783
7 6131 9960 3503 5013 6411 7019 1979
5 7536 8318 2121 3478 1474
7 6055 6105 3712 8097 8079 2155 9481
7 4298 5659 6444 8444 6386 2813 9023
8 6520 7985 2982 9733 8559 9094 296 187
7 8452 2594 1301 6371 5890 7915 112
7 1480 9407 9900 4434 6186 9184 8967
8 6072 2449 7199 6266 3601 3437 8600 3557
7 39 816 2703 8601 7999 181 258
7 8038 9169 2968 5457 5011 6459 9599
8 6362 1858 5772 5131 4925 6397 1279 1998
8 2204 8411 8482 4963 4077 9042 8864 5570
8 928 1138 6285 826 1053 4641 4516 3709
8 4301 2110 4654 299 6506 1038 162 6813
8 1594 3371 6641 9863 6315 2404 3322 88
8 3311 2420 1507 4352 9072 5525 3645 5027
6 698 3926 4145 6779 4621 2941
7 1680 2367 1847 5432 6125 8096 4435
8 2692 4531 8974 8630 7652 9592 2334 9578
7 103 3493 4841 4360 153 9187 6463
8 205 4976 2911 2235 9946 9783 6116 4728
7 171 6485 7728 3099 3405 7508 2620
7 8167 9327 6007 941 2188 8543 5980
7 2379 4951 4562 2493 3642 1996 8772
7 5481 7184 5341 8290 3623 7176 8872
8 2119 2571 7221 6204 6625 8294 4793 3338
7 2806 6993 8465 969 531 1875 2070
7 448 7597 2549 6320 798 1744 2518
7 6792 242 5637 6006 6074 8800 4894
8 7105 9844 1255 9949 6795 5613 4617 5532
8 4306 2327 5392 2444 2310 3408 9952 6981
8 8784 6564 7042 2688 9812 8666 5766 2623
8 2721 3000 4971 1611 1359 1986 5142 2883
7 4054 1661 6859 7277 5987 2175 9563
8 7267 2284 5778 4294 1443 9285 2412 3755
8 446 1930 5954 6982 1106 6311 6152 8862
8 2193 2352 1213 2856 9664 2469 5229 1718
7 81 8204 3965 4554 1181 8516 8193
8 1209 7239 4845 8021 4614 791 6368 2887
9 3187 1322 4983 5883 9060 7987 3407 6049 2819
9 4303 9028 6627 2247 4247 9336 1150 5999 5746
7 605 4072 4395 8733 89 2533 8095
9 3508 7930 3599 1306 7776 8698 8092 8358 1735
8 7318 5049 3655 2849 2066 7203 9175 4868
9 8893 4570 2488 8226 8639 9964 9571 3770 2324
9 6526 7306 9968 4267 9834 704 8993 2586 998
9 3630 3598 2967 8363 9463 286 5458 956 1892
8 5833 8058 3818 456 8479 2552 7842 7943
8 380 5500 9295 9957 3812 5534 139 3641
9 2662 8432 3640 5048 6000 8624 6794 6214 7355
8 2198 442 488 5197 1526 5541 2314 852
8 1119 2128 2490 9133 7297 2826 9855 873
8 946 674 6003 6305 994 7299 3895 31
8 2741 5214 9947 4755 7860 9911 3439 3760
9 9788 4828 1834 4371 5245 1724 7570 52 4679
8 5674 2236 1060 9741 7247 1818 2209 3370
9 7501 1125 7371 9457 2374 4304 7731 7056 8629
7 6729 1553 5292 6964 7829 3664 7632
9 8525 5713 1269 9588 8889 2189 3189 5108 1061
8 5664 3013 1634 4183 5781 8874 8449 9703
9 2646 9568 1203 7559 7145 906 6906 8620 9784
9 5044 4376 1580 3695 2792 5634 5449 7700 8088
9 7653 5416 2588 2250 1796 1016 4632 9665 203
9 2517 8852 4485 749 9435 7407 8064 7139 7171
6 7563 735 1281 6662 48 3006
8 9158 5192 194 5100 3110 478 9456 7374
8 1215 7921 9225 1762 7335 375 5084 3778
8 8395 8152 9551 8279 6293 8699 9120 1978
9 4074 5940 8408 236 5238 3722 8865 1131 9636
8 7817 3701 2782 8562 4383 197 6350 4373
8 3733 7846 4000 7186 7195 4932 5164 1913
8 2400 8905 3494 3928 8434 4550 8131 4027
10 2343 124 2496 7117 8004 2173 167 4642 2901 2528
7 2298 6804 3678 265 2684 5894 3867
9 7028 4203 9966 5155 4984 7598 2456 394 3745
8 6830 168 4633 256 1055 2451 618 1128
9 1107 4802 2965 1171 9176 1887 6050 7415 4085
10 7966 3191 4478 8765 7617 2200 2823 3017 1539 4124
10 8885 7389 2619 7113 1440 9813 4938 4003 6098 7482
9 631 7215 7822 9056 1104 2925 4446 2432 3975
9 1666 9706 648 8206 1812 6640 556 7275 5597
9 4647 5942 4182 6656 9820 6146 7290 5832 6239
9 7205 6335 957 579 2087 5086 7292 1604 6664
9 2112 5550 7835 3635 7792 2335 6405 9160 3245
9 2512 8186 1224 6477 3523 913 4320 580 8215
9 5505 176 2000 2350 6937 1235 3806 430 247
9 2978 3977 4997 2519 4380 472 5386 10 110
7 9967 5744 5323 4970 5878 2983 3502
10 938 1257 2752 1668 4503 2408 6358 5484 473 4871
10 9586 3796 2315 2926 6718 6316 5249 1714 1091 3202
10 7394 4852 2529 9513 6669 574 9700 6088 5380 4385
8 4572 7689 3529 6464 5095 173 2815 4339
10 1934 3703 4001 8045 3261 2781 4751 1157 9991 1144
6 7487 1617 1043 3912 7441 1382
6 9648 5046 9651 5941 3897 6914
9 6281 6571 3468 5055 2713 4803 2041 5188 9172
10 3795 4689 6943 4985 1225 8213 280 809 7928 2093
9 396 2714 228 3194 1365 8635 9950 1948 1336
10 8150 2898 6950 8657 6608 4398 3593 289 2292 3730
9 5898 1289 7354 6709 8738 8008 1542 8302 7210
10 738 3086 1416 2966 2306 4370 7151 927 9904 1318
10 3905 4021 4424 1873 7017 3750 3124 8320 3009 1916
9 6740 694 5102 634 1323 9619 359 8596 8397
10 7280 1991 7120 9729 7248 482 8457 3351 5549 4820
10 264 6192 6493 9022 5135 1673 3775 7783 3896 6322
9 5426 1204 1522 5372 5337 3673 930 6764 9146
10 2984 7411 643 7674 734 1411 7052 3853 2627 1758
10 854 5914 9986 3077 7699 9477 1685 3248 1647 276
9 5679 2767 3810 345 9939 3423 6838 2447 554
9 5593 4232 2336 9428 1959 8366 3150 4891 6759
10 8786 4330 7887 5060 9694 9936 3226 792 2550 5742
11 2863 8257 8814 3271 7534 3073 3612 4600 6576 1327 7862
10 6108 6163 6932 4457 3160 4445 1618 6555 2089 4420
11 8046 1415 4211 3360 3816 8541 706 746 3978 9323 4574
9 6145 3683 5691 3600 3718 5676 4400 4623 2463
9 5895 1450 4861 7271 2896 5283 3935 6612 7101
10 3206 1935 688 4981 2540 4714 9149 3873 3087 4172
10 8353 1222 3522 960 4324 2722 501 9036 4739 2602
10 7181 887 849 8836 9482 4179 9923 6087 62 9459
10 964 9473 7893 2136 5103 7734 9221 4609 7200 3207
9 8683 4250 2994 8469 720 4032 4291 716 6603
8 3515 8274 1942 1552 9862 8853 7249 3225
10 7833 5150 7178 369 2325 9618 9781 9448 1163 2651
10 8248 214 3382 83 3866 9838 3680 8845 1874 6384
11 6530 8357 9272 2152 2999 292 3554 5670 1127 9033 9491
9 5864 5419 8050 1084 2888 7328 1360 5258 9364
10 4998 5202 8539 9821 1548 2535 6967 4287 8462 9878
12 3198 995 5138 1791 7814 4025 4536 5442 4391 1494 9164 6905
11 6382 7491 4518 5823 917 1560 9118 3734 1231 1506 3291
11 8239 4230 1692 5447 8271 7512 7103 2479 611 4490 3193
12 8464 7560 559 3164 5601 9775 429 1317 4379 1351 9047 2439
12 134 4517 9330 9581 5236 7291 9040 4337 6211 5740 1789 6133
12 7196 3119 6516 148 8950 7448 1165 9020 5144 5315 8388 9193
10 2261 2804 1256 5312 7098 453 9262 4738 6696 7089
12 6480 6314 2945 9194 3379 4397 1297 1217 6739 5692 5715 1027
9 2522 7157 4640 3894 8858 8662 3507 6466 1529
10 3139 7168 3263 1268 2858 3888 9138 8006 8700 1011
11 9455 8277 6250 490 3933 3029 7282 3223 1137 1151 3068
11 1433 5382 28 5780 2184 1148 6448 108 1671 9238 2664
10 1270 900 7086 157 1633 1123 2326 6711 475 5286
11 1459 8595 3766 5327 3079 1853 9596 7583 7624 4005 2958
11 7438 3268 2950 5080 2454 8200 6378 4343 2762 8499 9504
11 7741 1092 1028 8234 9107 2653 9217 6676 8235 7236 1192
10 3721 9492 6253 3500 7877 2600 9378 3981 9358 641
10 5794 1143 1949 3446 4726 9298 9537 4889 5415 9914
12 9099 2648 7094 640 1195 3860 6948 6011 4522 8768 8647 7454
11 9509 6324 1005 107 7667 2116 1937 4175 9953 2853 2545
11 1817 6547 4973 2088 2394 7566 4533 6585 3103 105 8035
13 2288 9750 3686 489 8013 4382 4917 2988 1598 6077 2503 2500 8840
12 6581 8640 5853 9067 1509 5764 4510 9772 2362 4684 2259 4974
13 5321 6227 4473 1681 6412 8418 7332 4753 7569 1153 5488 2659 7830
11 2787 8739 1362 1468 2743 3524 6706 6029 85 9472 2441
11 3877 8946 4363 5684 6921 9842 1728 8841 8741 6180 8121
13 6169 7839 2443 8237 9744 1227 1802 7209 6615 8989 4862 7871 5353
12 3215 1764 71 6070 6722 771 5459 3203 1982 8892 4160 199
9 8736 4597 1234 8544 4408 544 8074 1300 5221
10 5619 8446 1102 3138 8637 8715 443 1015 3829 233
12 4884 4581 2705 2628 1156 4928 3320 3262 3186 6871 9494 165
11 4575 2763 7874 8036 1584 6796 2880 5146 4732 4982 8881
10 5626 8658 3602 63 1427 6398 6396 7895 6762 4242
13 8785 3743 8410 6301 4515 8588 1969 2474 5661 5019 8901 7831 9777
12 3980 5510 3236 1348 1124 5128 3427 7039 9517 5065 1314 2195
10 9657 6752 8191 5120 8118 5338 4593 8503 9025 7581
11 9919 1010 9485 5690 9676 9331 5708 8550 239 1675 5071
11 461 1086 868 5414 9140 2558 5707 8072 5599 1372 7868
12 9702 9105 577 5473 6942 3336 1001 2861 7949 3192 3819 708
10 6548 8441 1249 2035 8573 5741 847 1866 8081 226
13 9624 3728 4589 6755 6524 3440 2446 2829 3127 241 8076 2775 6600
10 1721 2254 3805 9055 6855 7116 2065 7138 3528 902
14 5377 733 4226 227 6835 7545 7083 9383 3953 6502 4045 4870 9170 7954
13 4532 1965 2274 4481 4266 6837 7523 4126 4787 8944 3849 2487 6594
12 1725 7701 8915 5356 1639 4326 7852 8530 4936 9569 3960 7612
12 5151 5042 7849 1164 55 4023 9092 8067 8020 5547 3687 5621
12 7892 1877 3066 1310 2837 8607 1373 1637 4066 5917 2631 8098
13 2082 2629 1487 4131 1386 3707 4086 3832 7532 4396 8243 1573 2009
12 7970 5472 8126 9108 985 8778 2640 6938 6869 2993 3458 3125
12 1486 6896 2455 8321 9625 6985 3736 6287 6218 4649 8117 6898
9 1554 6952 1326 9311 3243 9190 5006 3218 5114
12 7787 4167 119 7647 9307 5163 5896 5627 4665 3966 1783 1524
14 8458 5885 525 4269 9440 2975 8423 2846 3909 991 3181 7755 8850 9771
12 8272 9235 1976 1686 9090 7319 6226 1380 8694 8799 2565 2445
8 539 3354 610 6433 407 5736 1660 1741
11 2269 4869 6428 4321 6980 9438 2505 9012 725 755 4834
15 7904 4772 6863 2381 7941 9032 2021 3931 84 1122 4655 4231 8247 6359 2422
13 5739 210 856 5892 8985 3146 6100 8409 2341 1952 9268 4710 6879
14 558 4123 7550 617 3094 3456 793 5078 4221 2294 4225 3653 4946 3650
13 7373 7725 842 8671 5514 5639 7427 8879 2931 1463 234 6160 6773
14 6724 50 5966 4130 1329 2912 9743 8571 8493 9132 7286 4907 4544 5030
15 4450 3767 1624 5711 101 5936 6057 304 312 6045 3369 4630 9837 9057 2944
14 2147 6474 5589 208 9222 4064 8378 4141 586 6983 5957 7141 2555 8789
12 4148 9070 5888 4496 6159 6264 5127 1385 3301 3435 7352 5326
11 1816 9309 3168 5088 2097 4619 7861 3586 7288 200 8433
14 2344 692 1881 4289 4104 1902 3615 1781 2614 7311 1503 5066 5339 551
14 4872 4094 7392 7993 7867 9401 7380 9763 9754 7584 5082 5536 5716 9542
13 5694 1048 5641 3691 3802 9013 7821 1302 819 6309 6329 2673 9256
14 3359 7809 5352 2972 2626 7076 1338 1467 7281 3550 7526 9157 2513 666
14 9880 8115 7419 3735 5837 5089 803 9552 7188 1869 9074 7640 9155 5721
14 3694 6154 5927 5210 5303 4664 6343 3005 6590 6178 9989 109 5738 3096
14 5317 8875 4194 9128 8609 5296 8066 7636 6401 6690 9393 603 2854 689
12 9489 9231 2654 4794 8346 2075 3534 3793 2568 7074 3383 156
12 1071 5552 4299 1932 3415 15 3232 1313 1495 2831 449 7108
14 3962 9566 1240 4625 3174 3179 9206 8207 3180 4555 6475 7828 9368 291
13 6935 1315 1912 8653 9574 8848 8688 322 6841 7714 8127 1800 7143
13 3117 3395 4480 444 5705 7746 1966 536 5243 804 6033 504 9823
14 1989 4848 9234 3757 1954 1436 1793 6141 7942 352 6617 222 7004 1377
13 9144 9333 5633 4372 7294 2957 729 3332 5747 829 9271 5460 9319
12 8655 2069 4635 5001 5719 2607 8475 3779 9830 6496 682 2277
16 7711 6786 628 8750 7494 2192 4584 313 8628 3506 3237 9352 9698 5015 3621 56
15 355 4342 403 2785 3582 8476 3049 1353 151 6538 4036 2725 1819 1543 2736
12 2735 1332 115 1521 662 238 4316 5932 3799 7099 1132 6883
14 9011 4151 132 6592 4552 4535 9941 2127 9955 5486 6958 209 2144 5795
12 9897 732 5560 7088 6953 2739 5530 9014 8060 8322 5417 5588
15 4135 9867 2935 4284 7295 8165 1095 5329 9871 3098 5834 8713 8860 131 718
16 8767 975 1967 9043 2351 7428 9303 8887 6065 568 5388 3054 6035 5572 8370 967
14 6491 8010 7815 8663 5701 8833 4551 91 9605 324 3957 9573 529 1841
16 164 5172 3141 122 8009 378 8289 7884 4700 4805 2924 5548 2165 3883 9937 3093
12 7347 3475 1860 8759 4812 9433 9453 4722 1541 8486 5383 460
15 7322 996 2825 9557 9583 6236 1650 2108 5366 1129 5678 6380 9493 8250 2812
15 4944 6228 2258 9488 72 6484 8753 5200 5642 3518 831 9391 7087 5119 5143
16 6902 4362 9767 3019 9141 9297 2531 9114 2033 463 4071 2300 8586 4223 8937 2406
14 288 7605 9054 5564 4913 3323 2843 3917 201 6168 6196 8161 3509 7771
14 8749 4902 2428 6622 428 6666 5868 2612 1413 3901 3317 7272 6167 78
17 1572 5112 4224 7240 1729 6503 8509 4318 7231 8593 4577 9059 1742 9376 8842 9340 699
13 6495 2047 9279 358 866 9836 7238 9496 278 7505 1239 1646 6456
15 3801 2056 4237 9076 7900 7590 8617 8515 2301 3172 4780 9709 9833 5614 3211
15 6692 3269 1325 8716 1593 6716 2115 5277 2976 4795 7163 1077 4154 8338 1927
18 4144 3299 220 1615 6760 9704 1309 4407 4206 1719 2140 9822 3970 377 8135 652 2738 7643
15 4029 7843 7212 3195 7765 6995 8619 8795 3273 9434 8233 745 192 8980 9927
18 8048 1654 668 7886 4403 2909 7073 4867 337 5822 1080 2869 7364 487 1465 7865 7300 7312
17 9944 397 3104 8477 1784 2453 9757 8175 106 9620 9653 6836 7542 5787 5682 1191 6303
16 4249 2537 433 2942 5801 3393 7126 6229 7808 5158 1831 2337 2910 4697 1134 5882
18 9444 1292 547 5680 5133 4923 4222 5399 2260 9849 3041 980 3267 3140 886 3479 3892 4073
16 5072 9325 841 8305 3372 9894 5140 2027 6388 632 6577 8645 7208 2083 8914 340
15 4340 9518 878 370 4616 8818 2985 485 4800 1904 9548 9068 2185 8218 8478
18 8160 2442 2413 9559 2426 5349 7538 8158 1298 7154 9958 8574 3392 9375 1282 9604 4958 9585
15 9663 2850 8109 4912 1166 5812 7079 5096 3154 4814 8961 4402 4323 2847 1701
20 3256 4786 5492 6115 2547 760 1886 445 8187 7313 5805 9555 7287 1840 9884 1493 5720 8386 7807 7458
18 9742 7806 8328 6245 6460 5160 5300 2148 7140 5297 3008 5031 7958 2886 9768 2905 1108 1546