2 9307 1675
2 7364 5259
2 5453 6512
2 2436 8395
3 6304 9958 2549
3 7368 927 7285
3 7774 155 7004
3 3155 85 5350
3 7690 1710 1071
3 7534 1530 1326
3 8670 7332 9493
3 2839 3767 1297
4 6975 2984 7649 6153
4 1596 4907 4795 1176
4 2276 9432 7414 642
5 98 6125 7410 6702 9724
5 2245 9510 3327 2153 8
5 9404 5891 5178 4699 5842
5 819 722 6688 7263 3654
5 5199 2411 5529 9212 3139
6 224 1669 4831 2077 2862 3033
6 6055 4346 1255 3461 7639 9974
6 6727 4533 7278 9298 4347 7151
6 2574 9439 2499 4901 6910 9582
6 4613 3743 4172 694 7031 9845
6 3181 3700 5719 697 5883 8450
6 6525 5452 7484 5638 4375 6040
6 9480 6596 3795 9651 8993 7113
6 2520 4058 9050 370 4678 1736
6 7227 4951 8545 6405 9880 666
6 8065 9619 3519 5987 4400 6954
6 9930 8780 8194 9604 3209 7752
6 6856 4971 5890 2084 8710 5988
7 1215 4730 2031 2429 8159 592 8157
7 6492 218 849 5324 7993 599 7175
7 6598 1108 293 5874 9338 6363 7140
7 8273 5196 9891 7559 2225 1706 3472
7 347 6865 9556 4109 8238 3268 9162
7 3508 9038 3107 6137 4028 7111 3331
7 7945 2901 4061 5065 8610 792 4074
7 4845 2684 4958 7756 2441 3990 3620
7 4940 7115 289 918 9982 2801 1419
7 1044 2836 4477 6301 8071 1776 9048
7 8809 4121 8797 7433 5426 7688 238
7 1303 3080 8785 4556 1684 5363 8326
6 8229 9802 8600 5825 5420 5179
7 450 9086 2611 2594 1737 6101 9170
7 1230 6576 6243 8475 2468 228 7238
7 8339 2783 4604 7954 7839 6487 8899
7 7106 1229 8009 6480 5612 5340 7555
7 5507 2145 3075 4821 8909 638 3525
7 4067 8180 8791 8422 5112 2213 7897
8 466 8098 6372 7628 4188 3255 8355 237
8 2634 5143 765 8892 1794 2798 2123 9235
8 283 4419 8865 13 8269 9289 9035 3572
8 6284 2341 2086 7608 1808 2480 9548 3670
7 7776 7911 3605 7572 2979 1896 1164
8 7850 1489 5647 6413 6762 7195 8063 9561
8 6830 4984 4886 2150 9051 9927 986 8158
8 5910 8723 4994 4981 3386 8228 4687 7586
8 120 2908 5968 2374 5885 9882 4007 7824
8 288 3445 6463 198 7215 8055 6278 1853
8 6117 4259 9918 6905 9592 6760 6497 5284
8 4032 5383 8216 4669 1098 1982 4985 455
9 9389 7718 5375 5919 428 9649 2117 593 6535
9 7694 5051 6852 8907 7430 4742 2706 6614 9173
9 6002 6142 6495 6285 2571 3325 9960 6116 8738
9 5477 3114 113 4905 2659 9534 9989 6086 1118
9 3668 7197 615 4572 2788 5208 8522 2718 1279
9 8143 626 1474 3995 2385 6287 864 7796 950
9 3980 9860 9161 5191 191 1588 1383 6734 4923
9 4774 2523 8631 1304 8703 9800 9099 8432 9855
9 8978 9046 2781 9220 8332 2883 1479 3910 8921
9 6710 6199 5668 351 3230 1637 3048 5201 247
8 9380 7407 5610 7162 3168 5109 3593 3201
9 2017 3222 8419 3054 2661 7615 6689 9843 1156
9 6388 9942 4804 5074 1868 9001 5781 2251 5009
7 6699 4903 5239 2623 8943 5057 9654
9 6483 5015 3118 7564 1005 4835 9271 5255 376
9 5061 1132 8638 6073 3801 4745 3854 5517 7063
9 9536 6652 2324 5365 424 4183 942 7006 914
9 9018 2129 4921 4778 6103 6516 6050 7047 7104
9 7662 5826 7545 8103 3876 1083 320 6402 5930
9 1875 3651 7953 9219 72 9410 2215 3819 338
10 4243 2167 5957 7249 5269 6604 7302 9270 9191 7887
10 1366 3985 4302 1653 9187 26 7334 8698 1210 5434
9 813 6733 4276 1212 3473 9514 1495 7806 7775
10 6280 8108 2813 2599 8160 1307 4540 8636 6075 602
9 7956 2034 2234 8932 5512 7959 3116 1228 9482
9 4219 7957 7189 5759 2212 588 4576 5537 4500
10 1566 6616 4429 4661 1572 4771 8782 7485 7337 2428
9 9026 4339 6286 7230 7437 6640 7753 2688 2269
10 5696 1106 9549 9422 3404 6041 9123 1894 2183 7120
10 4194 7986 4535 1602 3691 7067 6037 9932 4337 3142
10 3284 5482 790 9568 4885 3625 4964 2572 3161 7191
9 1668 2638 9870 6942 3407 8793 2692 3951 2336
10 4832 2799 611 4033 893 7739 9917 6460 8699 4659
10 7934 7761 4681 6093 5938 4078 1627 2477 2019 1563
10 4350 4842 2415 7693 7638 2342 6003 7917 5822 5145
11 5964 8593 8092 2143 8481 5200 4721 9558 2516 5347 4889
11 281 5762 3388 1707 1067 5902 4301 68 8618 4955 8314
11 921 9196 2725 2469 6839 2201 5021 311 233 9723 1019
10 772 8285 2897 3568 1025 8828 5649 4483 2507 5078
11 5705 8183 3769 3524 4685 4767 4864 2540 8127 7287 9491
10 5034 6633 5659 1142 4079 7664 4119 7582 8901 7476
11 5280 830 3530 3369 3165 2615 4522 268 1339 9163 8029
11 3115 9348 1010 4950 8265 2113 4426 4758 2420 278 2960
11 4980 4405 2944 5287 5733 8863 7596 1143 2487 1289 9648
11 1630 9984 4633 8683 8251 6298 5615 6408 5769 2855 83
11 6303 4646 3754 5724 9763 7747 79 8926 3120 1136 9305
11 6754 2598 5148 6270 8156 5401 2956 1211 7303 8757 9309
10 1562 4873 190 7867 4351 8126 1991 5198 647 4679
11 2099 298 3832 8354 8916 9151 5869 4959 1057 8187 3560
10 9808 4420 2132 7643 1235 7349 6217 2565 3296 3293
9 7284 8597 6639 9721 1636 5092 4606 3714 4454
11 1718 6320 2542 103 9578 1712 9594 9202 6588 8629 7783
11 8620 6960 8123 9137 852 2494 7292 3476 7052 6235 775
12 3171 3749 4475 5500 2323 2691 4069 1833 3537 1766 9892 2737
12 8680 1146 2076 8341 2885 577 2530 7530 8444 1375 3242 2689
12 7966 4075 5955 9206 4352 3621 8457 7746 4650 8466 738 6104
11 5089 1263 9164 5039 7403 763 2585 6995 2630 3671 6430
12 7393 3930 4050 6249 3975 9125 9216 5639 2206 7452 3227 595
12 5788 3601 607 7846 1502 3856 2690 3375 3870 6776 328 9928
12 3963 6038 8164 6452 3454 358 3523 6505 4057 2968 847 604
12 5110 5521 1878 8259 3687 3050 1779 1177 7318 329 9708 8939
12 5206 7083 8261 5424 7717 1937 7901 7873 4789 8413 132 8379
12 8328 1122 4291 4117 1180 7886 4852 1527 5548 8209 2816 1145
12 5216 2361 5062 4097 2936 3617 6887 1551 1403 3783 4989 2425
11 3906 3592 3089 4480 878 3277 1153 2846 926 1216 9869
12 7675 1328 5545 2854 1858 6888 3909 8249 2793 582 5850 6333
12 6903 3419 7842 6708 776 5141 2524 6299 4977 234 5542 9753
11 4054 3939 7921 7257 804 1487 7772 7326 1331 1147 1584
13 167 6919 9566 6722 8968 6501 7576 9381 8777 2831 1778 9977 225
12 9025 2372 3169 1026 7294 6542 9623 3823 3356 1585 381 4083
13 105 1047 1788 5019 2319 287 6556 470 2360 2584 7793 7082 5207
13 9715 9913 8544 9393 5596 3036 3085 4878 4823 4546 5674 2687 4695
13 7309 861 1377 2174 2003 3264 3253 8124 8674 9198 7652 8952 6845
12 4600 420 96 2805 7522 9024 9311 195 3594 7813 2289 9937
12 2198 796 8312 6457 7861 6663 3051 4969 9328 2753 9030 4150
11 8995 2997 2657 2731 4004 3333 9354 3042 5809 4696 6812
13 3348 5170 4461 7286 1501 8928 4428 9214 2426 1353 5448 6256 6208
12 2347 9392 8831 5466 1203 9575 8659 3555 9032 1222 3066 1909
12 9512 4086 728 2238 7142 1510 3938 2504 2243 253 3852 7787
13 6747 1016 4779 9876 4773 6657 7185 496 9475 717 2247 981 4102
11 5952 3298 6361 4152 9967 6171 7194 3436 3927 6109 6674
12 9890 2148 4620 5317 9873 3208 5569 427 2055 1306 5751 1296
12 516 712 9014 7382 3606 6786 2355 7 8186 2681 8374 2514
13 6595 5739 4324 5404 1900 1720 3218 3463 242 3748 3262 1692 2860
14 9488 3937 4867 4092 9261 8609 6956 2007 2505 5848 6229 1708 7712 8384
14 4064 7670 9615 5313 6684 5123 6296 6000 5158 9987 2806 1027 7023 6908
14 9696 4706 1310 5008 3840 4012 2879 2166 9779 1011 3263 2848 3619 6265
14 9766 7666 5376 6314 286 4345 3991 2889 7935 4926 827 1852 4949 9791
14 7003 701 9282 3346 2295 3957 1386 136 7702 2593 382 7311 9361 4344
13 1519 939 9857 4323 2833 570 1192 8776 7968 3370 5211 9088 6486
14 8150 8398 9128 7128 5174 9712 843 9409 8885 8830 9192 5403 1225 8548
12 4446 1029 2133 2973 4792 265 1017 8404 1085 3736 1629 6963
13 6060 5574 3566 2390 6218 5367 2856 705 1508 2698 1928 8442 2605
13 6517 1466 8838 9674 7580 4552 3040 3503 1390 3354 63 9106 4103
14 3056 2899 9087 1687 8925 6947 7212 7909 1640 1859 5114 3235 9301 4684
13 7473 4282 764 6010 1881 7569 9273 1846 1954 6192 9639 9679 4197
14 8755 3441 3289 3457 4544 1829 740 1417 7790 9603 1270 5896 7439 3860
14 4088 9814 2193 5087 7995 9866 5967 799 5397 5066 7618 4508 3439 2877
14 301 4140 3313 7715 9094 1647 5169 9587 947 9074 6841 3857 8722 4663
15 6215 7952 807 2527 6842 8041 9572 7740 4257 846 4489 4493 3324 3803 2733
15 2135 9095 8752 2576 9483 7847 3483 3282 7159 4963 4753 6052 5783 1020 9633
15 567 5671 8185 9900 8280 9968 6893 9959 735 4338 4256 4919 1908 7167 7863
14 6509 495 7143 6936 4484 8264 7436 5204 5546 8539 4797 7412 4388 4762
13 4776 9871 6586 649 6793 170 8675 8846 6380 8499 7899 2933 284
15 9543 3060 5784 5802 7710 4411 3669 1137 5387 6508 1463 3761 4331 3702 1925
15 5294 7967 5328 9614 6490 1570 1349 2094 2313 5240 6912 5753 2573 2164 3079
12 2401 3138 9133 6890 5386 7005 5273 3903 3610 9113 8583 4653
14 5816 1312 3064 1413 7424 5665 6668 4534 3828 2528 9004 7513 481 2008
14 933 9523 2463 8406 8917 779 1392 1728 6647 5944 2700 7583 7466 5425
15 4899 8648 9782 31 1593 8177 8306 4942 6895 2237 1232 1951 1547 6089 1532
13 1322 9339 7126 8862 8027 243 5129 2414 9815 3634 6950 4112 6252
14 4812 3663 7634 7400 7418 8758 2118 7667 2579 8896 1425 9102 2564 7760
15 1916 9363 1251 3989 6880 8564 7383 9922 3831 4850 7246 1509 6126 3809 5879
14 5025 5559 1166 5440 576 7706 1272 4858 4756 4747 9961 7984 3395 411
14 207 748 4601 6962 7434 8768 5582 9966 9643 8827 6921 156 2128 7972
15 5171 4803 4385 2749 5242 6070 9182 8884 4014 5154 5494 2277 4284 9449 1266
14 2379 8138 1569 5591 4658 1665 2065 5757 1491 4895 9277 5311 137 7554
15 5619 8220 953 5828 5624 3794 9153 2970 4784 3925 2231 4176 8676 3976 8348
14 4529 2909 3532 6007 7221 4383 3575 4560 9760 5185 145 569 2388 7765
15 6932 2292 3650 696 6376 6777 3251 9538 1043 7864 9776 7405 5797 8360 6165
13 5913 5838 6134 5533 310 1715 5437 3520 1267 4916 7558 7375 7049
15 3237 4570 5502 5116 3911 4312 1723 9369 8881 4740 5044 1992 9929 1460 8906
15 6951 3287 5464 3438 7997 7601 1048 392 4682 5134 2535 5288 6648 6289 3219
16 1624 6312 5544 1979 5278 956 7633 2861 435 9457 2569 1843 1030 581 6627 2179
16 6233 2253 3474 9919 4248 8002 6056 5454 7352 9068 3204 7927 3100 4430 5716 5069
16 9029 6696 453 5539 7019 7344 8288 3019 7882 3347 5775 9589 5470 6981 5073 3074
16 3353 5633 8257 5966 8573 8353 6406 6437 3303 6659 891 9372 4849 8225 6147 4444
16 4416 9628 1284 302 4688 8965 6277 1583 528 4504 2465 6868 6424 4124 1154 2141
16 8580 9342 8336 9487 6697 1277 784 4031 2655 4115 7908 3875 5337 5710 1959 7150
16 2974 432 9729 1451 2298 3581 5799 6992 5229 114 4287 3339 8310 8694 4749 5694
14 2868 9003 6818 6850 7784 196 4884 4315 2776 9653 8203 3148 4258 8569
16 186 9366 5946 5662 1160 5916 8391 5333 7402 62 9344 2482 2786 7577 2202 9037
15 2648 4068 917 2716 5163 2871 4367 1012 1315 3266 3603 817 2331 4155 2252
16 4718 5301 2941 1365 499 2070 6653 7369 2683 2163 2440 1376 7722 4636 7989 8514
16 1073 9669 7685 4726 9036 4793 1201 1729 2986 7763 6128 7659 2067 9509 6366 5254
16 5028 4822 6555 7701 2068 9645 121 2114 3405 1218 129 9904 5982 4387 8745 8533
14 1743 5538 5977 1918 5029 5330 8997 2471 685 1437 3408 8387 7955 1577
17 1939 7169 6358 1209 8140 2071 3012 2604 8966 1752 2828 9570 1813 3565 3199 2130 6680
17 477 9072 9832 1960 2710 6753 5698 2317 2653 1380 4376 9902 1607 3599 469 6958 2999
17 6263 2096 7597 5358 5789 1764 4395 9302 6562 8266 6331 4840 7377 2779 1157 7845 5274
17 5827 7727 463 3612 637 4015 1605 5798 5020 1544 1938 2809 3095 7107 4997 8511 20
15 3179 8097 6353 6200 9316 394 1586 4251 5285 5339 527 6537 3807 3573 1402
17 6448 9329 6272 41 9081 48 4394 2923 9407 1575 8410 4587 9431 6133 5568 2349 7388
16 6387 2945 4030 3745 6365 7526 3696 5622 4310 9834 2171 6349 7208 4538 4087 9412
17 4066 1038 3362 6253 5520 7875 3252 2814 5573 4244 2408 5735 6784 839 5723 2018 1415
17 5379 4408 5400 187 3490 4671 7971 2389 4459 503 6016 2064 260 1344 8420 9820 9980
15 7427 7987 2020 5736 8693 1281 1049 8888 1433 9248 8658 5435 515 2224 6670
17 2872 9733 7884 514 493 8117 8823 2804 9120 645 2620 257 9313 371 1956 4665 7910
17 4320 2942 174 1744 6132 653 2033 4289 1677 7036 2459 7177 4481 2367 4614 9477 5491
16 5536 2795 3711 854 8616 6431 9100 194 2694 5840 2115 9910 8647 5587 2058 422
17 3578 2101 1051 6610 8634 7462 2902 1497 5013 957 2618 4683 8956 9908 4182 2624 715
18 1126 3962 5325 7950 2858 5162 1169 7646 1291 1368 8054 4825 9701 7465 713 1278 5133 4801
15 5629 7562 1693 6660 1950 23 1657 991 681 1935 6546 888 9951 1755 1135
16 6224 8175 566 433 5583 1063 4397 5717 5232 9290 9865 6184 3337 8679 3756 7012
18 8983 584 1104 3206 574 1133 4264 6622 8536 8036 4566 6619 683 2900 5708 7416 9019 4643
17 5298 8460 8665 506 4979 407 7054 5752 1374 9569 204 7274 7272 2547 5635 53 3340
15 7804 9280 342 3635 3665 130 2721 3295 9419 8750 2744 8347 2047 4621 1396
16 3073 1683 9142 1088 6738 8421 5422 6938 2985 6377 7336 6686 3223 8352 1428 8476
17 5468 6583 924 8743 8988 3788 1340 5714 7631 2665 4937 6831 2851 7519 8378 531 3808
18 7258 2948 8111 9965 231 5053 3493 1323 2519 1595 5476 2631 4286 5909 8062 3372 5790 5113
18 3639 8099 2427 1507 7447 3305 4975 6047 177 443 3205 333 871 5792 5611 8455 9172 8167
18 4815 2015 175 7353 9426 5834 6869 6630 7477 8602 9758 5513 5764 5634 513 7281 5107 2120
16 2035 1735 558 7751 6824 2119 6468 9364 3076 9179 5118 6279 928 2717 5261 5276
17 3576 2246 2917 2662 8678 6756 9877 2211 3724 4063 193 525 7279 4547 3527 7033 5971
14 369 8503 930 7926 3039 7396 4781 2300 793 1851 7489 9991 5336 1196
17 354 9253 4044 2495 6914 9999 7209 1412 908 1611 9687 9638 9193 1397 978 6530 6471
16 5304 2982 2896 6371 6907 8205 2304 365 8427 6503 1526 6444 7817 5076 8732 540
18 9236 4485 1500 3518 6028 8110 5001 6337 1287 4847 7346 2062 5027 7259 2789 118 9043 2453
17 7877 147 8191 9864 3226 8795 8195 5669 9452 650 1804 1447 5102 8322 7695 518 3071
17 3690 6122 1615 3182 7328 5868 6925 8200 8437 3141 2728 1741 9738 9053 380 5382 6986
17 4737 6802 7179 2278 4608 7164 5345 4929 3829 5256 2375 6389 3109 3683 3469 1676 639
17 6053 932 3889 9321 476 4434 125 5286 1777 34 9330 64 6928 5877 7673 3300 9673
18 5728 5715 5865 6465 3902 1006 811 8471 2410 6242 8801 1969 9227 739 1539 5300 3708 3751
18 5651 7645 8003 4838 1055 1431 3078 5594 7731 3351 3657 5986 9847 9411 8720 4664 4593 5763
19 9684 208 8081 4505 9047 4637 1040 1689 664 6194 7174 841 4042 4577 4189 3361 8733 3312 9232
19 6935 1420 6458 4524 2461 8125 2189 5043 675 6915 9208 6837 1609 7380 3318 3689 339 7138 3773
18 5177 2327 1241 5088 5994 9731 1275 1772 2182 1262 7721 4648 6894 5303 5543 9119 3872 110
18 9347 2147 3088 5628 7803 146 4898 9785 5032 5334 4364 3983 9383 7736 4100 9442 2501 4770
18 7064 1398 5771 4913 3719 985 1486 2586 3766 1273 8772 4392 2644 4449 6170 7720 3292 3052
18 8067 6618 9893 2472 9134 8148 2647 3185 8381 550 8741 7232 1172 9154 8528 4348 1903 6934
17 2826 2607 4743 7814 2548 7024 1065 8129 8139 9118 4813 8737 1099 5289 9148 6436 6637
19 2953 2765 3488 4427 2621 7672 7333 8589 7538 6810 4250 750 1204 2257 1224 3144 3717 9978 3880
18 1724 9351 1290 4966 3753 6739 3198 7385 7605 8534 172 881 6259 4586 7032 1911 951 4272
18 7163 6848 5480 7276 6321 4914 7973 4856 401 9757 1345 2127 390 4218 9281 2254 9612 2747
20 2893 2496 3434 3424 4242 6131 3072 3228 8866 6081 8936 3968 6744 6024 4445 8891 4473 5150 6300 5279
19 6428 5305 2184 4407 9993 326 7415 2023 7034 9783 5960 4526 5804 4943 5064 5655 5782 1115 4021
19 4076 9287 3163 2773 5054 721 7122 9531 1163 9762 7275 4645 3992 1506 6879 7697 6681 5689 3241
19 9964 8684 6526 3821 6097 2391 7130 8006 798 6571 4180 1473 8951 2321 5805 3978 2739 1648 5815
19 1942 3551 2947 5275 3727 1448 4755 4732 618 3417 553 9174 5616 6062 9297 8986 3704 5151 4834
17 9237 6980 3641 5650 6099 7556 7676 1308 1424 5455 9775 6135 7749 6612 519 2310 1382
18 3496 9912 1018 488 9898 9 3041 791 644 7090 5793 5646 1338 5341 3254 7467 7234 3283
20 2992 529 8718 4273 9867 7145 8453 788 1734 1856 9042 7133 9836 556 8717 7723 1758 2340 7858 9325
19 9545 4573 6709 5 8709 4113 5679 2380 889 9668 5007 4118 4575 2815 212 3549 1207 1775 4221
20 1285 2642 7314 6943 4051 2930 3933 2362 6808 688 3433 3421 7173 5731 483 2702 1831 5584 367 1877
19 9055 9726 6467 9200 4731 2724 6058 9250 4673 968 4859 5050 8192 4111 5945 2949 6313 1087 2911
19 373 693 4638 6230 2450 5394 3215 1781 3846 6817 5139 1494 4870 9872 7429 7378 960 7759 640
19 4297 1765 3371 2412 5995 3338 9327 3462 9992 2489 2972 6223 984 5331 5393 9520 2187 6396 2810
19 3579 1042 9835 6631 4904 3813 904 327 9080 6434 4998 4640 1902 7669 3642 8224 4988 7253 1549
20 5081 5620 2617 7906 7726 7515 1870 4306 5722 2131 3158 2903 2404 2719 1688 6665 9784 5958 3225 1503
19 1749 8702 614 7056 8662 996 7589 6044 9705 7762 3259 1614 2026 4169 4962 4794 2497 9138 9314
20 2742 3063 3352 5084 9962 6983 2502 7041 6180 5653 4938 3342 67 2022 1946 3931 2990 43 8516 9176
21 6469 7237 1887 526 5585 1874 4846 4421 8601 4954 7528 5965 1064 4635 6953 7578 341 54 2051 801 6306
21 6875 4401 6522 2863 1054 5602 5471 920 1187 5849 5926 7200 330 2590 1740 838 9269 5461 3455 610 848
19 2363 5703 7323 7982 4947 4455 2557 5812 7888 3108 4597 5443 2175 5369 9152 9830 7849 7301 1244
21 8701 8894 6415 1645 5777 8219 5657 203 9145 7976 1557 7769 7421 4667 7609 7818 8671 8333 9661 1188 7665
20 8645 2301 2677 6341 8309 9584 4047 6881 8064 938 3363 4085 905 1554 2484 8948 672 11 2645 9295
21 3615 3922 240 2591 8431 2078 5040 2024 509 1798 812 4629 6485 1162 6013 8066 594 8248 9265 6948 6391
22 5956 1356 2111 9360 3214 631 7096 3016 4311 4763 6292 7781 2748 4796 179 7089 5506 2544 3151 7502 2890 5588
23 7780 8778 4402 306 565 5908 6751 423 1970 1347 2125 1745 8449 7011 9497 9359 6698 6017 5175 687 3471 378 6707
20 3358 720 3816 139 1830 3189 9135 3583 3898 5800 4555 4195 8577 5391 3083 1791 8372 270 5224 7940
23 39 2002 77 7896 2161 7443 6745 366 7938 730 1400 5951 5765 2651 4851 3379 2870 9613 6829 9903 9586 9677 1062
21 9233 1138 1731 4581 6506 3157 8231 2244 2005 2819 5872 6181 7127 7719 9320 8170 502 7805 736 8351 4883
22 4029 606 8173 9591 7027 9749 4325 2192 4588 667 2797 2181 7713 4216 1680 643 8390 8096 2778 3694 1112 261
21 6635 7222 6827 3221 5701 5244 9805 2619 1888 7201 2498 3777 1811 1769 277 9702 8959 2943 5598 2873 5499
22 3193 6582 8418 6815 6523 5922 4735 3368 3661 4327 8370 8315 2517 9722 4511 8439 4928 4675 8975 6066 937 8911
23 7001 5976 8613 7144 8633 6749 760 2481 5847 9470 3550 3307 2063 246 1518 572 7483 3540 9165 3942 1824 5892 3544
22 7625 7269 3410 2275 2448 6083 4389 800 8934 3267 7509 3948 349 3162 9675 9040 2397 9546 1361 4705 8260 4453
23 7190 2771 7361 7648 3077 510 8908 4470 2577 1393 5998 9706 4757 8563 4992 5567 4442 1845 7236 3863 5618 2406 4202
23 5173 6563 1478 4016 9498 9155 140 9429 404 4702 8056 8445 6239 4631 8617 3468 6354 746 7981 725 1576 6327 9418
23 5327 2138 7358 5349 8375 609 8660 4882 459 1292 5737 6111 6352 1814 8814 5744 7216 8477 4932 8368 7347 831 758
23 3081 9228 6141 3248 1462 4185 8495 5144 596 4330 9159 2180 5607 8189 9108 445 9853 8393 4266 317 636 5750 5950
22 1628 4715 961 74 1364 7317 3817 5540 122 3381 4672 9564 3376 9390 1732 7165 5999 3878 7481 9286 5564 8004
23 3090 1996 5856 7506 5676 346 4872 2818 467 6717 8769 621 9680 61 994 2473 7343 8622 5606 2343 6251 8434 457
22 3971 2543 9663 1582 5247 7273 3965 8494 5372 3917 6418 8338 4583 9500 8590 9117 9875 6173 9821 786 3526 2209
22 2581 4833 9420 6018 3782 1768 620 324 8201 8724 7869 9736 3311 7374 2016 8963 396 3177 7996 3134 9440 8267
22 668 9703 9365 3871 6163 6573 5099 2381 8826 5806 3145 2188 6550 5202 505 6728 9861 2850 3843 767 7629 8018
21 45 2159 1102 5586 5291 3495 3721 3842 2137 9732 1863 8241 3432 9199 9994 9195 8236 8345 6549 5159 393
23 8489 1081 8517 2158 3730 2738 7411 810 337 3415 4432 5484 7124 4465 9149 7225 8007 2834 7058 8145 6148 1378 7077
23 9177 9489 669 4022 2259 916 7100 623 4722 4240 5648 9590 8075 5981 4089 6982 4009 990 5157 4787 4729 2383 692
25 8101 5776 29 679 355 8526 9156 5519 7635 3716 7250 8295 1050 5390 8788 9694 2074 266 954 3861 8308 9988 5407 9665 9829
23 1809 2654 9016 4277 3999 3908 8979 3326 7728 1725 2912 3535 4542 8458 6566 7531 5281 2963 9972 4227 6971 2847 2969
24 1357 3394 4541 2592 5127 8509 9129 307 4080 4820 9423 2421 1151 6228 6603 3291 7542 2069 2424 9727 5186 7587 363 2632
24 2190 3919 279 2025 862 8611 9551 5233 3197 3400 8144 840 8176 406 3768 3111 5100 625 6106 4232 255 5047 6267 2197
21 3487 1977 8587 8166 7308 8416 7370 6694 8810 9063 4502 1620 7660 7543 5136 2924 3249 963 9292 2107 4527
23 199 9713 6840 9167 4041 7703 1666 2811 5613 6976 5683 6395 1601 4270 1634 4222 8727 4313 8924 3866 5374 2266 2116
24 7948 759 2419 7567 8293 142 3260 1594 8664 1014 8298 5302 7044 3648 7507 8759 1559 1 335 2669 925 1476 9111 7557
22 7975 8643 3692 6398 3994 7949 1663 5949 7508 8775 718 5844 2981 943 3367 1327 1597 4451 1053 8465 5195 8890
25 9812 9953 9803 2083 2928 2763 1750 8069 51 6140 8380 4764 8794 4584 5137 6061 9581 9846 8994 5006 7767 5621 2330 6355 8725
24 6071 9597 9547 35 5096 5704 4186 9122 5787 7782 7668 6094 6472 7013 2178 1915 9842 4537 789 5406 3567 883 6617 6700
22 6771 6262 2529 1247 2203 6987 2914 379 8340 425 3355 744 6536 7213 7689 3553 6838 9747 182 2708 7010 9399
25 8976 9017 4458 2305 9698 7992 1465 2366 8813 922 628 4436 8531 104 6378 1886 9963 2284 5348 254 4321 7617 263 2880 1423
24 1787 635 703 2693 1796 239 1121 1817 3491 226 9537 5740 2105 8217 5770 1892 8603 3159 5530 3662 808 7612 9255 5666
25 1436 9427 2285 2470 1186 822 1316 8527 4114 9092 5692 4200 3026 1242 5907 6590 5172 6570 4517 7656 3123 3174 6360 3585 2283
26 5760 2235 1682 9011 5049 5063 4249 3428 4198 7119 7525 2315 2446 8382 9022 8882 5503 2965 1968 2464 8789 4423 497 8364 6409 5720
25 5924 5942 299 7059 5360 5479 8104 2679 8800 8507 2513 5017 383 9945 8787 7231 4495 4381 5138 5265 7684 7977 1298 1799 2029
22 9874 547 768 3685 3562 9115 5093 314 1670 1033 1000 9998 6524 3420 727 6623 5664 4187 9061 4371 2841 2674
23 4694 3047 1260 9468 4564 8555 9740 8286 8915 4571 8935 4166 6913 7732 824 4785 1360 3037 9000 7154 1652 5846 4507
22 8763 4861 8523 2832 8736 1667 1505 3772 6494 8119 1490 6826 8470 5835 4452 165 5188 4876 9508 2732 38 8893
26 6568 9406 8227 7962 500 462 6940 223 1293 1767 6930 5895 6308 430 2536 2774 9388 8612 8484 2952 7266 3470 117 1947 6238 473
25 1988 9267 8245 3791 522 955 5817 2680 1957 3101 1214 5534 2258 7298 6156 4736 3349 2290 6558 6816 1404 5439 1052 2627 8304
26 6677 5811 781 1189 4212 3848 7961 8655 1341 8770 7750 9190 9986 4398 4160 8428 7204 6993 633 4340 3512 6254 1427 6245 4292 1691
27 6548 6072 3673 3086 6414 5509 8031 2637 3588 999 2660 8977 6712 1548 3238 2722 3104 6507 2154 6027 5681 2668 1141 6489 6886 690 1806
26 2736 441 3459 5326 3176 6046 7682 2260 5554 6581 5855 162 3979 1623 6247 1258 6344 2929 5132 4418 6012 9481 8902 6584 7574 9941
26 8982 1726 912 4783 1867 2262 8407 7342 1893 6035 9251 8171 100 9819 836 8389 7716 7265 9116 6626 6317 5355 9445 3229 9386 8358
27 7109 160 9083 6847 6401 6160 3023 9670 1343 641 1342 3750 2792 2136 9896 9750 9332 1046 5727 9355 2837 8082 9789 2038 2761 6529 8501
26 8342 6870 868 2126 9245 1704 580 1700 209 3600 8118 3067 8169 1206 4717 2339 5514 2829 1550 9525 1254 541 5432 8774 6600 1493
25 4788 2066 3335 6119 3007 9790 5631 4805 8020 1348 587 7136 654 1223 629 1321 4759 269 1512 1369 782 319 221 3718 7148
27 4359 9562 856 8937 2011 6682 7020 8628 6466 7623 7087 4486 521 7098 887 4326 8802 5352 4144 6873 7698 9082 8796 9071 6795 1933 58
25 1454 754 9593 9939 9745 9795 7419 7932 1221 7616 780 1111 948 3008 2089 8608 7112 4060 4072 9662 6476 7262 7319 7974 1499
28 853 1983 2555 2636 4360 9557 5098 8401 2898 4910 1538 8682 2682 4987 554 5371 9642 8106 8015 7071 2913 93 753 5903 418 2407 9459 3964
27 851 1528 9743 3065 7224 1555 6767 8013 4689 6937 1250 5853 2021 4095 5680 1656 3859 4205 8630 6130 3699 6113 6493 2486 4177 2980 7816
25 2437 2757 9707 7919 8714 6752 4557 8287 7397 3728 6836 9464 6832 3624 9831 9090 1782 752 188 5640 2802 8558 1955 5969 5747
26 4976 2191 4933 2988 8651 6922 6357 1805 8302 7611 9535 5210 7095 9950 7491 4196 5241 4261 1974 6883 7860 2045 6854 6455 1134 1282
28 8734 1686 8275 5861 5492 5972 5293 4610 9947 3044 458 1976 5212 2701 5884 3502 1763 1513 2144 5077 7819 5458 7214 2079 8462 4644 3710 7704
28 3534 9609 8584 4748 9915 5608 1546 8858 9981 8656 7958 6021 3928 3988 1517 5637 9140 4 8222 1387 5338 249 3713 2888 741 2338 8654 4010
29 3032 3883 5428 5038 1023 6957 3548 9385 5384 6185 7441 2294 4518 1945 802 1762 2658 5831 7478 4468 6931 2291 8019 1912 6628 1283 3143 1100 1165
30 8825 1409 2531 7160 8486 1760 9656 7379 8874 6205 4936 6997 4691 9065 4071 8086 2869 2009 5870 3741 3631 8491 6433 4467 858 4000 439 1936 8498 7324
28 316 2168 3844 374 5878 6183 2037 4996 8461 9894 7299 6167 8433 6470 2884 7830 2006 2904 2081 3735 4521 9718 2570 3799 1511 8845 4704 8996
30 4670 3213 4373 9060 3200 4862 6011 8423 8174 3762 8424 1113 6706 2226 7446 206 7988 3131 6373 32 6079 6403 1578 5128 7381 5663 217 1002 4974 1865
29 6190 2012 877 5396 9031 8133 5192 6139 3011 6731 3427 3494 295 5357 3744 6144 8500 2925 2316 7448 695 258 9807 6336 3328 7155 7969 677 3608
30 6186 1940 1028 6231 5893 1714 388 8452 8263 5388 6346 726 5604 3323 456 5927 5446 7606 6599 4281 1904 4253 9806 8713 9618 7742 3924 1818 5547 52
28 8243 3288 4727 8751 5726 3378 9695 2358 9990 897 5362 4203 5766 6923 7705 3290 2552 5003 6991 6127 7449 9528 9438 8767 7905 5080 7499 1994
27 9813 4499 5026 9605 7894 9225 7800 8235 9502 9310 44 9574 8913 5459 7547 7325 7999 9150 7463 5268 8944 5235 8604 652 1362 6276 6909
28 7724 865 4482 818 7963 3516 5030 9822 1226 9110 8912 4245 9683 1253 2433 5730 4228 3018 4404 6825 8040 128 1516 6237 1930 3536 4639 5641
31 361 1391 5309 276 5048 4349 4807 6196 6863 4591 8695 8357 4970 6519 600 876 8343 386 1774 5623 8319 4128 5450 2413 4924 3084 3637 2392 2663 4142 9324
31 7920 9943 1280 3170 27 7865 9104 619 3545 5702 1770 9501 1759 3453 9769 1252 9725 8197 3431 9334 6152 7193 9522 9373 5042 4151 3981 8878 6274 4539 6324
32 2931 3166 545 6323 3636 9716 7432 6177 2609 9275 3045 8984 2525 7455 1441 8179 6266 1414 1079 6502 8502 4589 1618 9647 3543 3499 698 5105 9606 9996 4162 7566
28 1178 543 5103 10 6481 1839 9263 7941 3703 8632 2139 4844 8163 8131 9596 4285 7504 7181 6006 3697 8215 9062 3836 9479 3013 6491 6201 5213
32 9658 384 6569 4130 7045 3119 5887 8920 7202 3058 4207 7737 8107 4917 6383 7080 81 6811 3732 7371 5419 4879 9158 2509 4912 1984 1013 2249 3506 2676 5418 3082
35 4780 8030 4503 1716 3884 2606 6219 3798 4105 6187 4317 559 9256 3811 2741 1346 1622 1405 4025 5165 757 1616 1168 2560 4880 275 3244 9924 548 9370 7453 6806 6450 6332 9995
32 9434 9796 7137 1643 7942 4863 6572 1717 1125 5451 1534 7022 169 4192 474 7338 1197 3827 8621 290 535 4830 119 6375 4491 8646 3853 598 2696 7640 37 9975
35 987 8028 8050 9798 4543 8463 9519 6646 4991 524 5155 7883 8567 5857 1953 7147 9067 9521 201 8704 3124 8692 1069 3211 2769 815 1849 245 6399 9699 8705 8317 2518 2272 2228
34 9184 4134 962 5442 1077 898 8781 3117 8250 686 3684 7267 4365 539 9909 7217 9844 3310 6721 551 6545 348 1890 6095 7922 6393 8121 8274 2978 5378 8112 9144 1514 6804
34 9114 3411 1590 4179 4611 9933 2867 7838 5901 7053 4217 1422 8211 533 1800 9415 5060 2299 1783 2515 1504 4752 7890 820 5510 6822 8386 5119 2526 2377 5511 8276 8595 4724
36 7560 5364 4386 5140 3 8383 7367 6918 2675 3128 4252 9405 560 2767 3590 2614 3029 6447 2927 402 2887 1220 1072 6234 2628 3316 8688 1007 7413 2483 5889 7076 9838 5654 2534 3321
36 5875 8852 216 6520 2403 2827 8095 9239 2091 9848 7363 4438 9433 227 896 5993 1190 2333 1885 989 8116 6789 8334 6297 520 9973 9542 8904 561 5416 4101 8586 821 907 1182 5748